<?xml version="1.0" encoding="UTF-8"?>
<!-- Generated by org.testng.reporters.JUnitReportReporter -->
<testsuite hostname="LAPTOP-NCF5HT75" failures="0" tests="28" name="steps.Runner" time="139.941" errors="0" timestamp="2023-10-23T17:49:50 EDT" skipped="0">
  <testcase classname="steps.Runner" name="runScenario" time="5.364"/>
  <testcase classname="steps.Runner" name="runScenario" time="5.173"/>
  <testcase classname="steps.Runner" name="runScenario" time="3.804"/>
  <testcase classname="steps.Runner" name="runScenario" time="6.254"/>
  <testcase classname="steps.Runner" name="runScenario" time="4.873"/>
  <testcase classname="steps.Runner" name="runScenario" time="5.875"/>
  <testcase classname="steps.Runner" name="runScenario" time="4.708"/>
  <testcase classname="steps.Runner" name="runScenario" time="2.510"/>
  <testcase classname="steps.Runner" name="runScenario" time="5.313"/>
  <testcase classname="steps.Runner" name="runScenario" time="2.305"/>
  <testcase classname="steps.Runner" name="runScenario" time="5.458"/>
  <testcase classname="steps.Runner" name="runScenario" time="5.829"/>
  <testcase classname="steps.Runner" name="runScenario" time="6.175"/>
  <testcase classname="steps.Runner" name="runScenario" time="2.757"/>
  <testcase classname="steps.Runner" name="runScenario" time="4.703"/>
  <testcase classname="steps.Runner" name="runScenario" time="2.203"/>
  <testcase classname="steps.Runner" name="runScenario" time="5.161"/>
  <testcase classname="steps.Runner" name="runScenario" time="2.490"/>
  <testcase classname="steps.Runner" name="runScenario" time="5.318"/>
  <testcase classname="steps.Runner" name="runScenario" time="13.549"/>
  <testcase classname="steps.Runner" name="runScenario" time="5.214"/>
  <testcase classname="steps.Runner" name="runScenario" time="4.996"/>
  <testcase classname="steps.Runner" name="runScenario" time="2.588"/>
  <testcase classname="steps.Runner" name="runScenario" time="5.022"/>
  <testcase classname="steps.Runner" name="runScenario" time="5.592"/>
  <testcase classname="steps.Runner" name="runScenario" time="5.847"/>
  <testcase classname="steps.Runner" name="runScenario" time="5.654"/>
  <testcase classname="steps.Runner" name="runScenario" time="5.206"/>
</testsuite> <!-- steps.Runner -->
